<?xml version="1.0" encoding="UTF-8"?>
<testsuites name="TestSuite1" time="8.575" tests="3" failures="0" errors="1">
   <testsuite name="TestSuite1" tests="3" failures="0" errors="1" time="8.575" skipped="0" timestamp="2021-06-29 16:32:40" hostname="naresh.manthrabuddi - BRILAP2530.BRILLIO.COM" id="Test Suites/TestSuite1">
      <properties>
         <property name="deviceName" value=""/>
         <property name="devicePlatform" value=""/>
         <property name="logFolder" value="C:\\Users\\naresh.manthrabuddi\\git\\cartus_testdemo\\Reports\\20210629_163236\\TestSuite1\\20210629_163236"/>
         <property name="logFiles" value="C:\\Users\\naresh.manthrabuddi\\git\\cartus_testdemo\\Reports\\20210629_163236\\TestSuite1\\20210629_163236\\execution0.log"/>
         <property name="attachments" value=""/>
         <property name="hostName" value="naresh.manthrabuddi - BRILAP2530.BRILLIO.COM"/>
         <property name="hostAddress" value="192.168.0.10"/>
         <property name="os" value="Windows 10 64bit"/>
         <property name="katalonVersion" value="8.0.1.208"/>
      </properties>
      <testcase name="Test Cases/Javascript_Code" time="1.665" classname="Test Cases/Javascript_Code" status="PASSED">
         <system-out><![CDATA[2021-06-29 16:32:41 - [TEST_CASE][PASSED] - Test Cases/Javascript_Code: Test Cases/Javascript_Code

2021-06-29 16:32:42 - [TEST_STEP][PASSED] - tc = [Cartus_code]: null

2021-06-29 16:32:42 - [TEST_STEP][PASSED] - runTestNGTestClasses(tc): Running TestNG test classes: '[class Cartus_code]' passed

2021-06-29 16:32:42 - [MESSAGE][INFO] - Starting runTestNGTestClasses keyword and extract report to folder: 'C:\Users\naresh.manthrabuddi\git\cartus_testdemo\Reports\20210629_163236\TestSuite1\20210629_163236/testng_report/1624964562114'...

2021-06-29 16:32:43 - [MESSAGE][PASSED] - Running TestNG test classes: '[class Cartus_code]' passed]]></system-out>
         <system-err><![CDATA[]]></system-err>
      </testcase>
      <testcase name="Test Cases/test" time="4.083" classname="Test Cases/test" status="ERROR">
         <error type="ERROR" message="Test Cases/test FAILED.
Reason:
com.kms.katalon.core.webui.exception.BrowserNotOpenedException: Browser is not opened
Build info: version: '3.141.59', revision: 'e82be7d358', time: '2018-11-14T08:25:53'
System info: host: 'BRILAP2530', ip: '192.168.0.10', os.name: 'Windows 10', os.arch: 'amd64', os.version: '10.0', java.version: '1.8.0_282'
Driver info: driver.version: DriverFactory$getWebDriver
	at com.kms.katalon.core.webui.driver.DriverFactory.verifyWebDriverIsOpen(DriverFactory.java:938)
	at com.kms.katalon.core.webui.driver.DriverFactory.verifyWebDriver(DriverFactory.java:923)
	at com.kms.katalon.core.webui.driver.DriverFactory.getWebDriver(DriverFactory.java:909)
	at com.kms.katalon.core.webui.driver.DriverFactory$getWebDriver.call(Unknown Source)
	at utility.Utility.executeJavaScript(Utility.groovy:29)
	at utility.Utility.invokeMethod(Utility.groovy)
	at com.kms.katalon.core.main.CustomKeywordDelegatingMetaClass.invokeStaticMethod(CustomKeywordDelegatingMetaClass.java:50)
	at test.run(test:33)
	at com.kms.katalon.core.main.ScriptEngine.run(ScriptEngine.java:194)
	at com.kms.katalon.core.main.ScriptEngine.runScriptAsRawText(ScriptEngine.java:119)
	at com.kms.katalon.core.main.TestCaseExecutor.runScript(TestCaseExecutor.java:398)
	at com.kms.katalon.core.main.TestCaseExecutor.doExecute(TestCaseExecutor.java:389)
	at com.kms.katalon.core.main.TestCaseExecutor.processExecutionPhase(TestCaseExecutor.java:368)
	at com.kms.katalon.core.main.TestCaseExecutor.accessMainPhase(TestCaseExecutor.java:360)
	at com.kms.katalon.core.main.TestCaseExecutor.execute(TestCaseExecutor.java:255)
	at com.kms.katalon.core.main.TestSuiteExecutor.accessTestCaseMainPhase(TestSuiteExecutor.java:203)
	at com.kms.katalon.core.main.TestSuiteExecutor.accessTestSuiteMainPhase(TestSuiteExecutor.java:152)
	at com.kms.katalon.core.main.TestSuiteExecutor.execute(TestSuiteExecutor.java:95)
	at com.kms.katalon.core.main.TestCaseMain.startTestSuite(TestCaseMain.java:157)
	at com.kms.katalon.core.main.TestCaseMain$startTestSuite$0.call(Unknown Source)
	at TempTestSuite1624964556711.run(TempTestSuite1624964556711.groovy:39)
"/>
         <system-out><![CDATA[2021-06-29 16:32:43 - [TEST_CASE][ERROR] - Test Cases/test: Test Cases/test FAILED.
Reason:
com.kms.katalon.core.webui.exception.BrowserNotOpenedException: Browser is not opened
Build info: version: '3.141.59', revision: 'e82be7d358', time: '2018-11-14T08:25:53'
System info: host: 'BRILAP2530', ip: '192.168.0.10', os.name: 'Windows 10', os.arch: 'amd64', os.version: '10.0', java.version: '1.8.0_282'
Driver info: driver.version: DriverFactory$getWebDriver
	at com.kms.katalon.core.webui.driver.DriverFactory.verifyWebDriverIsOpen(DriverFactory.java:938)
	at com.kms.katalon.core.webui.driver.DriverFactory.verifyWebDriver(DriverFactory.java:923)
	at com.kms.katalon.core.webui.driver.DriverFactory.getWebDriver(DriverFactory.java:909)
	at com.kms.katalon.core.webui.driver.DriverFactory$getWebDriver.call(Unknown Source)
	at utility.Utility.executeJavaScript(Utility.groovy:29)
	at utility.Utility.invokeMethod(Utility.groovy)
	at com.kms.katalon.core.main.CustomKeywordDelegatingMetaClass.invokeStaticMethod(CustomKeywordDelegatingMetaClass.java:50)
	at test.run(test:33)
	at com.kms.katalon.core.main.ScriptEngine.run(ScriptEngine.java:194)
	at com.kms.katalon.core.main.ScriptEngine.runScriptAsRawText(ScriptEngine.java:119)
	at com.kms.katalon.core.main.TestCaseExecutor.runScript(TestCaseExecutor.java:398)
	at com.kms.katalon.core.main.TestCaseExecutor.doExecute(TestCaseExecutor.java:389)
	at com.kms.katalon.core.main.TestCaseExecutor.processExecutionPhase(TestCaseExecutor.java:368)
	at com.kms.katalon.core.main.TestCaseExecutor.accessMainPhase(TestCaseExecutor.java:360)
	at com.kms.katalon.core.main.TestCaseExecutor.execute(TestCaseExecutor.java:255)
	at com.kms.katalon.core.main.TestSuiteExecutor.accessTestCaseMainPhase(TestSuiteExecutor.java:203)
	at com.kms.katalon.core.main.TestSuiteExecutor.accessTestSuiteMainPhase(TestSuiteExecutor.java:152)
	at com.kms.katalon.core.main.TestSuiteExecutor.execute(TestSuiteExecutor.java:95)
	at com.kms.katalon.core.main.TestCaseMain.startTestSuite(TestCaseMain.java:157)
	at com.kms.katalon.core.main.TestCaseMain$startTestSuite$0.call(Unknown Source)
	at TempTestSuite1624964556711.run(TempTestSuite1624964556711.groovy:39)


2021-06-29 16:32:44 - [TEST_STEP][PASSED] - sResponse = sendRequest(findTestObject("Object Repository/Postman/Test")): Send request successfully

2021-06-29 16:32:47 - [MESSAGE][INFO] - HAR: C:\Users\naresh.manthrabuddi\git\cartus_testdemo\Reports\20210629_163236\TestSuite1\20210629_163236\requests\main\0.har

2021-06-29 16:32:47 - [MESSAGE][PASSED] - Send request successfully

2021-06-29 16:32:47 - [TEST_STEP][PASSED] - println(statusCode): null

2021-06-29 16:32:47 - [TEST_STEP][PASSED] - sRes = statusCode.toString(): null

2021-06-29 16:32:47 - [TEST_STEP][PASSED] - postman = "
pm.test("Status code is 200", function () {
  pm.response.to.have.status(200);
});

pm.test("Validate that the correct value key was selected", function () {
    pm.expect(url).to.eql("http://postman-echo.com/get");
});
": null

2021-06-29 16:32:47 - [TEST_STEP][ERROR] - utility.Utility.executeJavaScript(postman): Browser is not opened
Build info: version: '3.141.59', revision: 'e82be7d358', time: '2018-11-14T08:25:53'
System info: host: 'BRILAP2530', ip: '192.168.0.10', os.name: 'Windows 10', os.arch: 'amd64', os.version: '10.0', java.version: '1.8.0_282'
Driver info: driver.version: DriverFactory$getWebDriver

2021-06-29 16:32:47 - [MESSAGE][ERROR] - Browser is not opened
Build info: version: '3.141.59', revision: 'e82be7d358', time: '2018-11-14T08:25:53'
System info: host: 'BRILAP2530', ip: '192.168.0.10', os.name: 'Windows 10', os.arch: 'amd64', os.version: '10.0', java.version: '1.8.0_282'
Driver info: driver.version: DriverFactory$getWebDriver]]></system-out>
         <system-err><![CDATA[2021-06-29 16:32:43 - [TEST_CASE][ERROR] - Test Cases/test: Test Cases/test FAILED.
Reason:
com.kms.katalon.core.webui.exception.BrowserNotOpenedException: Browser is not opened
Build info: version: '3.141.59', revision: 'e82be7d358', time: '2018-11-14T08:25:53'
System info: host: 'BRILAP2530', ip: '192.168.0.10', os.name: 'Windows 10', os.arch: 'amd64', os.version: '10.0', java.version: '1.8.0_282'
Driver info: driver.version: DriverFactory$getWebDriver
	at com.kms.katalon.core.webui.driver.DriverFactory.verifyWebDriverIsOpen(DriverFactory.java:938)
	at com.kms.katalon.core.webui.driver.DriverFactory.verifyWebDriver(DriverFactory.java:923)
	at com.kms.katalon.core.webui.driver.DriverFactory.getWebDriver(DriverFactory.java:909)
	at com.kms.katalon.core.webui.driver.DriverFactory$getWebDriver.call(Unknown Source)
	at utility.Utility.executeJavaScript(Utility.groovy:29)
	at utility.Utility.invokeMethod(Utility.groovy)
	at com.kms.katalon.core.main.CustomKeywordDelegatingMetaClass.invokeStaticMethod(CustomKeywordDelegatingMetaClass.java:50)
	at test.run(test:33)
	at com.kms.katalon.core.main.ScriptEngine.run(ScriptEngine.java:194)
	at com.kms.katalon.core.main.ScriptEngine.runScriptAsRawText(ScriptEngine.java:119)
	at com.kms.katalon.core.main.TestCaseExecutor.runScript(TestCaseExecutor.java:398)
	at com.kms.katalon.core.main.TestCaseExecutor.doExecute(TestCaseExecutor.java:389)
	at com.kms.katalon.core.main.TestCaseExecutor.processExecutionPhase(TestCaseExecutor.java:368)
	at com.kms.katalon.core.main.TestCaseExecutor.accessMainPhase(TestCaseExecutor.java:360)
	at com.kms.katalon.core.main.TestCaseExecutor.execute(TestCaseExecutor.java:255)
	at com.kms.katalon.core.main.TestSuiteExecutor.accessTestCaseMainPhase(TestSuiteExecutor.java:203)
	at com.kms.katalon.core.main.TestSuiteExecutor.accessTestSuiteMainPhase(TestSuiteExecutor.java:152)
	at com.kms.katalon.core.main.TestSuiteExecutor.execute(TestSuiteExecutor.java:95)
	at com.kms.katalon.core.main.TestCaseMain.startTestSuite(TestCaseMain.java:157)
	at com.kms.katalon.core.main.TestCaseMain$startTestSuite$0.call(Unknown Source)
	at TempTestSuite1624964556711.run(TempTestSuite1624964556711.groovy:39)]]></system-err>
      </testcase>
      <testcase name="Test Cases/test1" time="1.502" classname="Test Cases/test1" status="PASSED">
         <system-out><![CDATA[2021-06-29 16:32:47 - [TEST_CASE][PASSED] - Test Cases/test1: Test Cases/test1

2021-06-29 16:32:48 - [TEST_STEP][PASSED] - sResponse = sendRequest(findTestObject("Object Repository/Postman/Post")): Send request successfully

2021-06-29 16:32:49 - [MESSAGE][INFO] - HAR: C:\Users\naresh.manthrabuddi\git\cartus_testdemo\Reports\20210629_163236\TestSuite1\20210629_163236\requests\main\1.har

2021-06-29 16:32:49 - [MESSAGE][PASSED] - Send request successfully

2021-06-29 16:32:49 - [TEST_STEP][PASSED] - println(bodyContent): null

2021-06-29 16:32:49 - [TEST_STEP][PASSED] - println("status code = " + statusCode): null]]></system-out>
         <system-err><![CDATA[]]></system-err>
      </testcase>
      <system-out><![CDATA[2021-06-29 16:32:40 - [TEST_SUITE][ERROR] - TestSuite1: Test Cases/test FAILED.
Reason:
com.kms.katalon.core.webui.exception.BrowserNotOpenedException: Browser is not opened
Build info: version: '3.141.59', revision: 'e82be7d358', time: '2018-11-14T08:25:53'
System info: host: 'BRILAP2530', ip: '192.168.0.10', os.name: 'Windows 10', os.arch: 'amd64', os.version: '10.0', java.version: '1.8.0_282'
Driver info: driver.version: DriverFactory$getWebDriver
	at com.kms.katalon.core.webui.driver.DriverFactory.verifyWebDriverIsOpen(DriverFactory.java:938)
	at com.kms.katalon.core.webui.driver.DriverFactory.verifyWebDriver(DriverFactory.java:923)
	at com.kms.katalon.core.webui.driver.DriverFactory.getWebDriver(DriverFactory.java:909)
	at com.kms.katalon.core.webui.driver.DriverFactory$getWebDriver.call(Unknown Source)
	at utility.Utility.executeJavaScript(Utility.groovy:29)
	at utility.Utility.invokeMethod(Utility.groovy)
	at com.kms.katalon.core.main.CustomKeywordDelegatingMetaClass.invokeStaticMethod(CustomKeywordDelegatingMetaClass.java:50)
	at test.run(test:33)
	at com.kms.katalon.core.main.ScriptEngine.run(ScriptEngine.java:194)
	at com.kms.katalon.core.main.ScriptEngine.runScriptAsRawText(ScriptEngine.java:119)
	at com.kms.katalon.core.main.TestCaseExecutor.runScript(TestCaseExecutor.java:398)
	at com.kms.katalon.core.main.TestCaseExecutor.doExecute(TestCaseExecutor.java:389)
	at com.kms.katalon.core.main.TestCaseExecutor.processExecutionPhase(TestCaseExecutor.java:368)
	at com.kms.katalon.core.main.TestCaseExecutor.accessMainPhase(TestCaseExecutor.java:360)
	at com.kms.katalon.core.main.TestCaseExecutor.execute(TestCaseExecutor.java:255)
	at com.kms.katalon.core.main.TestSuiteExecutor.accessTestCaseMainPhase(TestSuiteExecutor.java:203)
	at com.kms.katalon.core.main.TestSuiteExecutor.accessTestSuiteMainPhase(TestSuiteExecutor.java:152)
	at com.kms.katalon.core.main.TestSuiteExecutor.execute(TestSuiteExecutor.java:95)
	at com.kms.katalon.core.main.TestCaseMain.startTestSuite(TestCaseMain.java:157)
	at com.kms.katalon.core.main.TestCaseMain$startTestSuite$0.call(Unknown Source)
	at TempTestSuite1624964556711.run(TempTestSuite1624964556711.groovy:39)]]></system-out>
      <system-err><![CDATA[2021-06-29 16:32:40 - [TEST_SUITE][ERROR] - TestSuite1: Test Cases/test FAILED.
Reason:
com.kms.katalon.core.webui.exception.BrowserNotOpenedException: Browser is not opened
Build info: version: '3.141.59', revision: 'e82be7d358', time: '2018-11-14T08:25:53'
System info: host: 'BRILAP2530', ip: '192.168.0.10', os.name: 'Windows 10', os.arch: 'amd64', os.version: '10.0', java.version: '1.8.0_282'
Driver info: driver.version: DriverFactory$getWebDriver
	at com.kms.katalon.core.webui.driver.DriverFactory.verifyWebDriverIsOpen(DriverFactory.java:938)
	at com.kms.katalon.core.webui.driver.DriverFactory.verifyWebDriver(DriverFactory.java:923)
	at com.kms.katalon.core.webui.driver.DriverFactory.getWebDriver(DriverFactory.java:909)
	at com.kms.katalon.core.webui.driver.DriverFactory$getWebDriver.call(Unknown Source)
	at utility.Utility.executeJavaScript(Utility.groovy:29)
	at utility.Utility.invokeMethod(Utility.groovy)
	at com.kms.katalon.core.main.CustomKeywordDelegatingMetaClass.invokeStaticMethod(CustomKeywordDelegatingMetaClass.java:50)
	at test.run(test:33)
	at com.kms.katalon.core.main.ScriptEngine.run(ScriptEngine.java:194)
	at com.kms.katalon.core.main.ScriptEngine.runScriptAsRawText(ScriptEngine.java:119)
	at com.kms.katalon.core.main.TestCaseExecutor.runScript(TestCaseExecutor.java:398)
	at com.kms.katalon.core.main.TestCaseExecutor.doExecute(TestCaseExecutor.java:389)
	at com.kms.katalon.core.main.TestCaseExecutor.processExecutionPhase(TestCaseExecutor.java:368)
	at com.kms.katalon.core.main.TestCaseExecutor.accessMainPhase(TestCaseExecutor.java:360)
	at com.kms.katalon.core.main.TestCaseExecutor.execute(TestCaseExecutor.java:255)
	at com.kms.katalon.core.main.TestSuiteExecutor.accessTestCaseMainPhase(TestSuiteExecutor.java:203)
	at com.kms.katalon.core.main.TestSuiteExecutor.accessTestSuiteMainPhase(TestSuiteExecutor.java:152)
	at com.kms.katalon.core.main.TestSuiteExecutor.execute(TestSuiteExecutor.java:95)
	at com.kms.katalon.core.main.TestCaseMain.startTestSuite(TestCaseMain.java:157)
	at com.kms.katalon.core.main.TestCaseMain$startTestSuite$0.call(Unknown Source)
	at TempTestSuite1624964556711.run(TempTestSuite1624964556711.groovy:39)]]></system-err>
   </testsuite>
</testsuites>
